
> connectivity@0.1.0 build
> prisma generate && next build

Loaded Prisma config from prisma.config.ts.

Prisma config detected, skipping environment variable loading.
Prisma schema loaded from prisma\schema.prisma

✔ Generated Prisma Client (v6.19.3) to .\src\generated\prisma in 75ms

Start by importing your Prisma Client (See: https://pris.ly/d/importing-client)

Tip: Need your database queries to be 1000x faster? Accelerate offers you that and more: https://pris.ly/tip-2-accelerate

▲ Next.js 16.2.1 (Turbopack)
- Environments: .env
- Experiments (use with caution):
  · clientTraceMetadata

  Creating an optimized production build ...
✓ Compiled successfully in 11.3s
  Running next.config.js provided runAfterProductionCompile ...
✓ Completed runAfterProductionCompile in 39.6s
  Running TypeScript ...
Failed to type check.

./src/features/credentials/components/credential.tsx:36:15
Type error: Module '"@prisma/client"' has no exported member 'Credential'.

  [90m34 |[0m [36mimport[0m { [33mButton[0m } [36mfrom[0m [32m"@/components/ui/button"[0m;
  [90m35 |[0m [36mimport[0m [33mLink[0m [36mfrom[0m [32m"next/link"[0m;
[31m[1m>[0m [90m36 |[0m [36mimport[0m [36mtype[0m { [33mCredential[0m } [36mfrom[0m [32m"@prisma/client"[0m;
  [90m   |[0m               [31m[1m^[0m
  [90m37 |[0m
  [90m38 |[0m [36mconst[0m formSchema = z.object({
  [90m39 |[0m     name: z.string().min([35m1[0m, [32m"Name is required"[0m),
Next.js build worker exited with code: 1 and signal: null
